<?xml version="1.0" encoding="UTF-8"?>
<!-- Generated by org.testng.reporters.JUnitXMLReporter -->
<testsuite ignored="0" hostname="MSI" failures="0" tests="14" name="Test" time="131.256" errors="0" timestamp="2025-02-06T20:43:00 IST">
  <testcase classname="testCases.TC08_HomePageLogo" name="Methofname" time="0.013"/>
  <testcase classname="testCases.TC07_AddToCartTest" name="testCartItemDetails" time="6.738"/>
  <testcase classname="testCases.TC06_TestHoverAndClickAction" name="testHoverAndClick" time="1.503"/>
  <testcase classname="testCases.TC05_BrokenLink" name="validateBrokenLinks" time="32.714"/>
  <testcase classname="testCases.TC04_LoginDDT" name="Verify_LoginSST" time="1.955"/>
  <testcase classname="testCases.TC04_LoginDDT" name="Verify_LoginSST" time="16.019"/>
  <testcase classname="testCases.TC04_LoginDDT" name="Verify_LoginSST" time="16.334"/>
  <testcase classname="testCases.TC04_LoginDDT" name="Verify_LoginSST" time="16.887"/>
  <testcase classname="testCases.TC04_LoginDDT" name="Verify_LoginSST" time="1.905"/>
  <testcase classname="testCases.TC03_SearchTest" name="testSearchFunctionality" time="0.552"/>
  <testcase classname="testCases.TC03_SearchTest" name="testSearchFunctionality" time="0.472"/>
  <testcase classname="testCases.TC03_SearchTest" name="testSearchFunctionality" time="0.517"/>
  <testcase classname="testCases.TC02_LoginTest" name="verify_Login" time="2.245"/>
  <testcase classname="testCases.TC01_AccountRegistrationTest" name="Verifry_Account_Registration" time="2.039"/>
</testsuite> <!-- Test -->
