<?xml version="1.0" encoding="UTF-8"?>
<testsuite xmlns:xsi="http://www.w3.org/2001/XMLSchema-instance" xsi:noNamespaceSchemaLocation="https://maven.apache.org/surefire/maven-surefire-plugin/xsd/surefire-test-report-3.0.xsd" version="3.0" name="TestSuite" time="75.123" tests="4" errors="0" skipped="3" failures="1">
  <properties>
[...]
</properties>
  <testcase name="verify_Login" classname="testCases.TC02_LoginTest" time="0.0">
    <skipped message="Failed to navigate to &apos;My Account&apos; page. expected [true] but found [false]"/>
    <system-out><![CDATA[ INFO [main] (BaseClass.java:51)- Logger initialized
 INFO [main] (BaseClass.java:54)- Setting up the browser: chrome
 INFO [main] (BaseClass.java:57)- Launching Chrome browser
 INFO [main] (BaseClass.java:73)- Browser launched successfully
 INFO [main] (BaseClass.java:76)- Maximizing browser window
 INFO [main] (BaseClass.java:79)- Setting implicit wait to 20 seconds
 INFO [main] (BaseClass.java:83)- Navigating to application URL: https://tutorialsninja.com/demo/
 INFO [main] (BaseClass.java:85)- Application opened successfully
Starting Test: verify_Login
 INFO [main] (TC02_LoginTest.java:14)- ***** Starting Test Case: TC02_LoginTest *****
 INFO [main] (TC02_LoginTest.java:18)- Navigating to the Home Page.
 INFO [main] (TC02_LoginTest.java:21)- Clicking on 'My Account'.
 INFO [main] (TC02_LoginTest.java:24)- Clicking on 'Login'.
 INFO [main] (TC02_LoginTest.java:28)- Navigating to the Login Page.
 INFO [main] (TC02_LoginTest.java:31)- Entering email address: Python123@gmail.com
 INFO [main] (TC02_LoginTest.java:34)- Entering password: [hidden]
 INFO [main] (TC02_LoginTest.java:37)- Clicking on 'Login' button.
 INFO [main] (TC02_LoginTest.java:41)- Navigating to the 'My Account' page.
 INFO [main] (TC02_LoginTest.java:44)- Validating if 'My Account' page is displayed.
Retrying test verify_Login for the 1 time
]]></system-out>
    <system-err><![CDATA[SLF4J: No SLF4J providers were found.
SLF4J: Defaulting to no-operation (NOP) logger implementation
SLF4J: See https://www.slf4j.org/codes.html#noProviders for further details.
SLF4J: Class path contains SLF4J bindings targeting slf4j-api versions 1.7.x or earlier.
SLF4J: Ignoring binding found at [jar:file:/C:/Users/Viraj/.m2/repository/org/apache/logging/log4j/log4j-slf4j-impl/2.23.1/log4j-slf4j-impl-2.23.1.jar!/org/slf4j/impl/StaticLoggerBinder.class]
SLF4J: See https://www.slf4j.org/codes.html#ignoredBindings for an explanation.
log4j:ERROR setFile(null,true) call failed.
java.io.FileNotFoundException: D:14SetAutomation_Framework14SetAutomation_Frameworksrc	estesourcesLogsAutomation.log (The filename, directory name, or volume label syntax is incorrect)
	at java.base/java.io.FileOutputStream.open0(Native Method)
	at java.base/java.io.FileOutputStream.open(FileOutputStream.java:289)
	at java.base/java.io.FileOutputStream.<init>(FileOutputStream.java:230)
	at java.base/java.io.FileOutputStream.<init>(FileOutputStream.java:150)
	at org.apache.log4j.FileAppender.setFile(FileAppender.java:294)
	at org.apache.log4j.RollingFileAppender.setFile(RollingFileAppender.java:207)
	at org.apache.log4j.FileAppender.activateOptions(FileAppender.java:165)
	at org.apache.log4j.config.PropertySetter.activate(PropertySetter.java:307)
	at org.apache.log4j.config.PropertySetter.setProperties(PropertySetter.java:172)
	at org.apache.log4j.config.PropertySetter.setProperties(PropertySetter.java:104)
	at org.apache.log4j.PropertyConfigurator.parseAppender(PropertyConfigurator.java:842)
	at org.apache.log4j.PropertyConfigurator.parseCategory(PropertyConfigurator.java:768)
	at org.apache.log4j.PropertyConfigurator.configureRootCategory(PropertyConfigurator.java:648)
	at org.apache.log4j.PropertyConfigurator.doConfigure(PropertyConfigurator.java:514)
	at org.apache.log4j.PropertyConfigurator.doConfigure(PropertyConfigurator.java:395)
	at org.apache.log4j.PropertyConfigurator.configure(PropertyConfigurator.java:403)
	at testBase.BaseClass.setup(BaseClass.java:50)
	at java.base/jdk.internal.reflect.DirectMethodHandleAccessor.invoke(DirectMethodHandleAccessor.java:103)
	at java.base/java.lang.reflect.Method.invoke(Method.java:580)
	at org.testng.internal.invokers.MethodInvocationHelper.invokeMethod(MethodInvocationHelper.java:141)
	at org.testng.internal.invokers.MethodInvocationHelper.invokeMethodConsideringTimeout(MethodInvocationHelper.java:71)
	at org.testng.internal.invokers.ConfigInvoker.invokeConfigurationMethod(ConfigInvoker.java:400)
	at org.testng.internal.invokers.ConfigInvoker.invokeConfigurations(ConfigInvoker.java:333)
	at org.testng.internal.invokers.TestMethodWorker.invokeBeforeClassMethods(TestMethodWorker.java:188)
	at org.testng.internal.invokers.TestMethodWorker.run(TestMethodWorker.java:128)
	at java.base/java.util.ArrayList.forEach(ArrayList.java:1597)
	at org.testng.TestRunner.privateRun(TestRunner.java:739)
	at org.testng.TestRunner.run(TestRunner.java:614)
	at org.testng.SuiteRunner.runTest(SuiteRunner.java:421)
	at org.testng.SuiteRunner.runSequentially(SuiteRunner.java:413)
	at org.testng.SuiteRunner.privateRun(SuiteRunner.java:373)
	at org.testng.SuiteRunner.run(SuiteRunner.java:312)
	at org.testng.SuiteRunnerWorker.runSuite(SuiteRunnerWorker.java:52)
	at org.testng.SuiteRunnerWorker.run(SuiteRunnerWorker.java:95)
	at org.testng.TestNG.runSuitesSequentially(TestNG.java:1274)
	at org.testng.TestNG.runSuitesLocally(TestNG.java:1208)
	at org.testng.TestNG.runSuites(TestNG.java:1112)
	at org.testng.TestNG.run(TestNG.java:1079)
	at org.apache.maven.surefire.testng.TestNGExecutor.run(TestNGExecutor.java:308)
	at org.apache.maven.surefire.testng.TestNGXmlTestSuite.execute(TestNGXmlTestSuite.java:71)
	at org.apache.maven.surefire.testng.TestNGProvider.invoke(TestNGProvider.java:113)
	at org.apache.maven.surefire.booter.ForkedBooter.runSuitesInProcess(ForkedBooter.java:385)
	at org.apache.maven.surefire.booter.ForkedBooter.execute(ForkedBooter.java:162)
	at org.apache.maven.surefire.booter.ForkedBooter.run(ForkedBooter.java:507)
	at org.apache.maven.surefire.booter.ForkedBooter.main(ForkedBooter.java:495)
log4j:ERROR setFile(null,true) call failed.
java.io.FileNotFoundException: D:14SetAutomation_Framework14SetAutomation_Frameworksrc	estesourcesLogsAutomation.html (The filename, directory name, or volume label syntax is incorrect)
	at java.base/java.io.FileOutputStream.open0(Native Method)
	at java.base/java.io.FileOutputStream.open(FileOutputStream.java:289)
	at java.base/java.io.FileOutputStream.<init>(FileOutputStream.java:230)
	at java.base/java.io.FileOutputStream.<init>(FileOutputStream.java:150)
	at org.apache.log4j.FileAppender.setFile(FileAppender.java:294)
	at org.apache.log4j.FileAppender.activateOptions(FileAppender.java:165)
	at org.apache.log4j.config.PropertySetter.activate(PropertySetter.java:307)
	at org.apache.log4j.config.PropertySetter.setProperties(PropertySetter.java:172)
	at org.apache.log4j.config.PropertySetter.setProperties(PropertySetter.java:104)
	at org.apache.log4j.PropertyConfigurator.parseAppender(PropertyConfigurator.java:842)
	at org.apache.log4j.PropertyConfigurator.parseCategory(PropertyConfigurator.java:768)
	at org.apache.log4j.PropertyConfigurator.configureRootCategory(PropertyConfigurator.java:648)
	at org.apache.log4j.PropertyConfigurator.doConfigure(PropertyConfigurator.java:514)
	at org.apache.log4j.PropertyConfigurator.doConfigure(PropertyConfigurator.java:395)
	at org.apache.log4j.PropertyConfigurator.configure(PropertyConfigurator.java:403)
	at testBase.BaseClass.setup(BaseClass.java:50)
	at java.base/jdk.internal.reflect.DirectMethodHandleAccessor.invoke(DirectMethodHandleAccessor.java:103)
	at java.base/java.lang.reflect.Method.invoke(Method.java:580)
	at org.testng.internal.invokers.MethodInvocationHelper.invokeMethod(MethodInvocationHelper.java:141)
	at org.testng.internal.invokers.MethodInvocationHelper.invokeMethodConsideringTimeout(MethodInvocationHelper.java:71)
	at org.testng.internal.invokers.ConfigInvoker.invokeConfigurationMethod(ConfigInvoker.java:400)
	at org.testng.internal.invokers.ConfigInvoker.invokeConfigurations(ConfigInvoker.java:333)
	at org.testng.internal.invokers.TestMethodWorker.invokeBeforeClassMethods(TestMethodWorker.java:188)
	at org.testng.internal.invokers.TestMethodWorker.run(TestMethodWorker.java:128)
	at java.base/java.util.ArrayList.forEach(ArrayList.java:1597)
	at org.testng.TestRunner.privateRun(TestRunner.java:739)
	at org.testng.TestRunner.run(TestRunner.java:614)
	at org.testng.SuiteRunner.runTest(SuiteRunner.java:421)
	at org.testng.SuiteRunner.runSequentially(SuiteRunner.java:413)
	at org.testng.SuiteRunner.privateRun(SuiteRunner.java:373)
	at org.testng.SuiteRunner.run(SuiteRunner.java:312)
	at org.testng.SuiteRunnerWorker.runSuite(SuiteRunnerWorker.java:52)
	at org.testng.SuiteRunnerWorker.run(SuiteRunnerWorker.java:95)
	at org.testng.TestNG.runSuitesSequentially(TestNG.java:1274)
	at org.testng.TestNG.runSuitesLocally(TestNG.java:1208)
	at org.testng.TestNG.runSuites(TestNG.java:1112)
	at org.testng.TestNG.run(TestNG.java:1079)
	at org.apache.maven.surefire.testng.TestNGExecutor.run(TestNGExecutor.java:308)
	at org.apache.maven.surefire.testng.TestNGXmlTestSuite.execute(TestNGXmlTestSuite.java:71)
	at org.apache.maven.surefire.testng.TestNGProvider.invoke(TestNGProvider.java:113)
	at org.apache.maven.surefire.booter.ForkedBooter.runSuitesInProcess(ForkedBooter.java:385)
	at org.apache.maven.surefire.booter.ForkedBooter.execute(ForkedBooter.java:162)
	at org.apache.maven.surefire.booter.ForkedBooter.run(ForkedBooter.java:507)
	at org.apache.maven.surefire.booter.ForkedBooter.main(ForkedBooter.java:495)
log4j:WARN File option not set for appender [TTCC].
log4j:WARN Are you using FileAppender instead of ConsoleAppender?
log4j:ERROR No output stream or file set for the appender named [TTCC].
Jan 31, 2025 8:42:33 PM org.openqa.selenium.devtools.CdpVersionFinder findNearestMatch
WARNING: Unable to find an exact match for CDP version 131, returning the closest version; found: 129; Please update to a Selenium version that supports CDP version 131
]]></system-err>
  </testcase>
  <testcase name="verify_Login" classname="testCases.TC02_LoginTest" time="0.0">
    <skipped message="Failed to navigate to &apos;My Account&apos; page. expected [true] but found [false]"/>
    <system-out><![CDATA[Starting Test: verify_Login
 INFO [main] (TC02_LoginTest.java:14)- ***** Starting Test Case: TC02_LoginTest *****
 INFO [main] (TC02_LoginTest.java:18)- Navigating to the Home Page.
 INFO [main] (TC02_LoginTest.java:21)- Clicking on 'My Account'.
 INFO [main] (TC02_LoginTest.java:24)- Clicking on 'Login'.
 INFO [main] (TC02_LoginTest.java:28)- Navigating to the Login Page.
 INFO [main] (TC02_LoginTest.java:31)- Entering email address: Python123@gmail.com
 INFO [main] (TC02_LoginTest.java:34)- Entering password: [hidden]
 INFO [main] (TC02_LoginTest.java:37)- Clicking on 'Login' button.
 INFO [main] (TC02_LoginTest.java:41)- Navigating to the 'My Account' page.
 INFO [main] (TC02_LoginTest.java:44)- Validating if 'My Account' page is displayed.
Retrying test verify_Login for the 2 time
]]></system-out>
  </testcase>
  <testcase name="verify_Login" classname="testCases.TC02_LoginTest" time="0.0">
    <skipped message="Failed to navigate to &apos;My Account&apos; page. expected [true] but found [false]"/>
    <system-out><![CDATA[Starting Test: verify_Login
 INFO [main] (TC02_LoginTest.java:14)- ***** Starting Test Case: TC02_LoginTest *****
 INFO [main] (TC02_LoginTest.java:18)- Navigating to the Home Page.
 INFO [main] (TC02_LoginTest.java:21)- Clicking on 'My Account'.
 INFO [main] (TC02_LoginTest.java:24)- Clicking on 'Login'.
 INFO [main] (TC02_LoginTest.java:28)- Navigating to the Login Page.
 INFO [main] (TC02_LoginTest.java:31)- Entering email address: Python123@gmail.com
 INFO [main] (TC02_LoginTest.java:34)- Entering password: [hidden]
 INFO [main] (TC02_LoginTest.java:37)- Clicking on 'Login' button.
 INFO [main] (TC02_LoginTest.java:41)- Navigating to the 'My Account' page.
 INFO [main] (TC02_LoginTest.java:44)- Validating if 'My Account' page is displayed.
Retrying test verify_Login for the 3 time
]]></system-out>
  </testcase>
  <testcase name="verify_Login" classname="testCases.TC02_LoginTest" time="17.279">
    <failure message="Failed to navigate to &apos;My Account&apos; page. expected [true] but found [false]" type="java.lang.AssertionError"><![CDATA[java.lang.AssertionError: Failed to navigate to 'My Account' page. expected [true] but found [false]
	at org.testng.Assert.fail(Assert.java:111)
	at org.testng.Assert.failNotEquals(Assert.java:1578)
	at org.testng.Assert.assertTrue(Assert.java:57)
	at testCases.TC02_LoginTest.verify_Login(TC02_LoginTest.java:46)
	at java.base/jdk.internal.reflect.DirectMethodHandleAccessor.invoke(DirectMethodHandleAccessor.java:103)
	at java.base/java.lang.reflect.Method.invoke(Method.java:580)
	at org.testng.internal.invokers.MethodInvocationHelper.invokeMethod(MethodInvocationHelper.java:141)
	at org.testng.internal.invokers.TestInvoker.invokeMethod(TestInvoker.java:686)
	at org.testng.internal.invokers.TestInvoker.retryFailed(TestInvoker.java:269)
	at org.testng.internal.invokers.MethodRunner.runInSequence(MethodRunner.java:76)
	at org.testng.internal.invokers.TestInvoker$MethodInvocationAgent.invoke(TestInvoker.java:992)
	at org.testng.internal.invokers.TestInvoker.invokeTestMethods(TestInvoker.java:203)
	at org.testng.internal.invokers.TestMethodWorker.invokeTestMethods(TestMethodWorker.java:154)
	at org.testng.internal.invokers.TestMethodWorker.run(TestMethodWorker.java:134)
	at java.base/java.util.ArrayList.forEach(ArrayList.java:1597)
	at org.testng.TestRunner.privateRun(TestRunner.java:739)
	at org.testng.TestRunner.run(TestRunner.java:614)
	at org.testng.SuiteRunner.runTest(SuiteRunner.java:421)
	at org.testng.SuiteRunner.runSequentially(SuiteRunner.java:413)
	at org.testng.SuiteRunner.privateRun(SuiteRunner.java:373)
	at org.testng.SuiteRunner.run(SuiteRunner.java:312)
	at org.testng.SuiteRunnerWorker.runSuite(SuiteRunnerWorker.java:52)
	at org.testng.SuiteRunnerWorker.run(SuiteRunnerWorker.java:95)
	at org.testng.TestNG.runSuitesSequentially(TestNG.java:1274)
	at org.testng.TestNG.runSuitesLocally(TestNG.java:1208)
	at org.testng.TestNG.runSuites(TestNG.java:1112)
	at org.testng.TestNG.run(TestNG.java:1079)
	at org.apache.maven.surefire.testng.TestNGExecutor.run(TestNGExecutor.java:308)
	at org.apache.maven.surefire.testng.TestNGXmlTestSuite.execute(TestNGXmlTestSuite.java:71)
	at org.apache.maven.surefire.testng.TestNGProvider.invoke(TestNGProvider.java:113)
	at org.apache.maven.surefire.booter.ForkedBooter.runSuitesInProcess(ForkedBooter.java:385)
	at org.apache.maven.surefire.booter.ForkedBooter.execute(ForkedBooter.java:162)
	at org.apache.maven.surefire.booter.ForkedBooter.run(ForkedBooter.java:507)
	at org.apache.maven.surefire.booter.ForkedBooter.main(ForkedBooter.java:495)
]]></failure>
    <system-out><![CDATA[Starting Test: verify_Login
 INFO [main] (TC02_LoginTest.java:14)- ***** Starting Test Case: TC02_LoginTest *****
 INFO [main] (TC02_LoginTest.java:18)- Navigating to the Home Page.
 INFO [main] (TC02_LoginTest.java:21)- Clicking on 'My Account'.
 INFO [main] (TC02_LoginTest.java:24)- Clicking on 'Login'.
 INFO [main] (TC02_LoginTest.java:28)- Navigating to the Login Page.
 INFO [main] (TC02_LoginTest.java:31)- Entering email address: Python123@gmail.com
 INFO [main] (TC02_LoginTest.java:34)- Entering password: [hidden]
 INFO [main] (TC02_LoginTest.java:37)- Clicking on 'Login' button.
 INFO [main] (TC02_LoginTest.java:41)- Navigating to the 'My Account' page.
 INFO [main] (TC02_LoginTest.java:44)- Validating if 'My Account' page is displayed.
Test Failed: verify_Login
]]></system-out>
  </testcase>
</testsuite>