<?xml version="1.0" encoding="UTF-8"?>
<testng-results ignored="0" total="14" passed="14" failed="0" skipped="0">
  <reporter-output>
  </reporter-output>
  <suite started-at="2025-02-06T20:40:49 IST" name="Suite" finished-at="2025-02-06T20:43:00 IST" duration-ms="131256">
    <groups>
      <group name="Master">
        <method signature="TC02_LoginTest.verify_Login()[pri:0, instance:testCases.TC02_LoginTest@67f639d3]" name="verify_Login" class="testCases.TC02_LoginTest"/>
        <method signature="TC05_BrokenLink.validateBrokenLinks()[pri:0, instance:testCases.TC05_BrokenLink@3cebbb30]" name="validateBrokenLinks" class="testCases.TC05_BrokenLink"/>
      </group> <!-- Master -->
      <group name="Sanity">
        <method signature="TC03_SearchTest.testSearchFunctionality(java.lang.String,boolean)[pri:0, instance:testCases.TC03_SearchTest@290222c1]" name="testSearchFunctionality" class="testCases.TC03_SearchTest"/>
        <method signature="TC05_BrokenLink.validateBrokenLinks()[pri:0, instance:testCases.TC05_BrokenLink@3cebbb30]" name="validateBrokenLinks" class="testCases.TC05_BrokenLink"/>
      </group> <!-- Sanity -->
      <group name="Regression">
        <method signature="TC02_LoginTest.verify_Login()[pri:0, instance:testCases.TC02_LoginTest@67f639d3]" name="verify_Login" class="testCases.TC02_LoginTest"/>
        <method signature="TC03_SearchTest.testSearchFunctionality(java.lang.String,boolean)[pri:0, instance:testCases.TC03_SearchTest@290222c1]" name="testSearchFunctionality" class="testCases.TC03_SearchTest"/>
      </group> <!-- Regression -->
    </groups>
    <test started-at="2025-02-06T20:40:49 IST" name="Test" finished-at="2025-02-06T20:43:00 IST" duration-ms="131256">
      <class name="testCases.TC01_AccountRegistrationTest">
        <test-method is-config="true" signature="setup(java.lang.String)[pri:0, instance:testCases.TC01_AccountRegistrationTest@49049a04]" started-at="2025-02-06T20:42:54 IST" name="setup" finished-at="2025-02-06T20:42:58 IST" duration-ms="3531" status="PASS">
          <params>
            <param index="0">
              <value>
                <![CDATA[chrome]]>
              </value>
            </param>
          </params>
          <reporter-output>
          </reporter-output>
        </test-method> <!-- setup -->
        <test-method signature="Verifry_Account_Registration()[pri:0, instance:testCases.TC01_AccountRegistrationTest@49049a04]" started-at="2025-02-06T20:42:58 IST" name="Verifry_Account_Registration" finished-at="2025-02-06T20:43:00 IST" duration-ms="2039" status="PASS">
          <reporter-output>
          </reporter-output>
        </test-method> <!-- Verifry_Account_Registration -->
        <test-method is-config="true" signature="teardown()[pri:0, instance:testCases.TC01_AccountRegistrationTest@49049a04]" started-at="2025-02-06T20:43:00 IST" name="teardown" finished-at="2025-02-06T20:43:00 IST" duration-ms="324" status="PASS">
          <reporter-output>
          </reporter-output>
        </test-method> <!-- teardown -->
      </class> <!-- testCases.TC01_AccountRegistrationTest -->
      <class name="testCases.TC03_SearchTest">
        <test-method is-config="true" signature="setup(java.lang.String)[pri:0, instance:testCases.TC03_SearchTest@290222c1]" started-at="2025-02-06T20:42:41 IST" name="setup" finished-at="2025-02-06T20:42:45 IST" duration-ms="3996" status="PASS">
          <params>
            <param index="0">
              <value>
                <![CDATA[chrome]]>
              </value>
            </param>
          </params>
          <reporter-output>
          </reporter-output>
        </test-method> <!-- setup -->
        <test-method signature="testSearchFunctionality(java.lang.String,boolean)[pri:0, instance:testCases.TC03_SearchTest@290222c1]" started-at="2025-02-06T20:42:45 IST" name="testSearchFunctionality" data-provider="searchData" finished-at="2025-02-06T20:42:46 IST" duration-ms="552" status="PASS">
          <params>
            <param index="0">
              <value>
                <![CDATA[Samsung]]>
              </value>
            </param>
            <param index="1">
              <value>
                <![CDATA[true]]>
              </value>
            </param>
          </params>
          <reporter-output>
          </reporter-output>
        </test-method> <!-- testSearchFunctionality -->
        <test-method signature="testSearchFunctionality(java.lang.String,boolean)[pri:0, instance:testCases.TC03_SearchTest@290222c1]" started-at="2025-02-06T20:42:46 IST" name="testSearchFunctionality" data-provider="searchData" finished-at="2025-02-06T20:42:46 IST" duration-ms="472" status="PASS">
          <params>
            <param index="0">
              <value>
                <![CDATA[iphone]]>
              </value>
            </param>
            <param index="1">
              <value>
                <![CDATA[true]]>
              </value>
            </param>
          </params>
          <reporter-output>
          </reporter-output>
        </test-method> <!-- testSearchFunctionality -->
        <test-method signature="testSearchFunctionality(java.lang.String,boolean)[pri:0, instance:testCases.TC03_SearchTest@290222c1]" started-at="2025-02-06T20:42:46 IST" name="testSearchFunctionality" data-provider="searchData" finished-at="2025-02-06T20:42:47 IST" duration-ms="517" status="PASS">
          <params>
            <param index="0">
              <value>
                <![CDATA[Macbook]]>
              </value>
            </param>
            <param index="1">
              <value>
                <![CDATA[true]]>
              </value>
            </param>
          </params>
          <reporter-output>
          </reporter-output>
        </test-method> <!-- testSearchFunctionality -->
        <test-method is-config="true" signature="teardown()[pri:0, instance:testCases.TC03_SearchTest@290222c1]" started-at="2025-02-06T20:42:47 IST" name="teardown" finished-at="2025-02-06T20:42:47 IST" duration-ms="306" status="PASS">
          <reporter-output>
          </reporter-output>
        </test-method> <!-- teardown -->
      </class> <!-- testCases.TC03_SearchTest -->
      <class name="testCases.TC07_AddToCartTest">
        <test-method is-config="true" signature="setup(java.lang.String)[pri:0, instance:testCases.TC07_AddToCartTest@23c30a20]" started-at="2025-02-06T20:40:52 IST" name="setup" finished-at="2025-02-06T20:40:54 IST" duration-ms="2298" status="PASS">
          <params>
            <param index="0">
              <value>
                <![CDATA[chrome]]>
              </value>
            </param>
          </params>
          <reporter-output>
          </reporter-output>
        </test-method> <!-- setup -->
        <test-method signature="testCartItemDetails()[pri:0, instance:testCases.TC07_AddToCartTest@23c30a20]" started-at="2025-02-06T20:40:54 IST" name="testCartItemDetails" finished-at="2025-02-06T20:41:01 IST" duration-ms="6738" status="PASS">
          <reporter-output>
          </reporter-output>
        </test-method> <!-- testCartItemDetails -->
        <test-method is-config="true" signature="teardown()[pri:0, instance:testCases.TC07_AddToCartTest@23c30a20]" started-at="2025-02-06T20:41:01 IST" name="teardown" finished-at="2025-02-06T20:41:02 IST" duration-ms="449" status="PASS">
          <reporter-output>
          </reporter-output>
        </test-method> <!-- teardown -->
      </class> <!-- testCases.TC07_AddToCartTest -->
      <class name="testCases.TC05_BrokenLink">
        <test-method is-config="true" signature="setup(java.lang.String)[pri:0, instance:testCases.TC05_BrokenLink@3cebbb30]" started-at="2025-02-06T20:41:07 IST" name="setup" finished-at="2025-02-06T20:41:10 IST" duration-ms="2308" status="PASS">
          <params>
            <param index="0">
              <value>
                <![CDATA[chrome]]>
              </value>
            </param>
          </params>
          <reporter-output>
          </reporter-output>
        </test-method> <!-- setup -->
        <test-method signature="validateBrokenLinks()[pri:0, instance:testCases.TC05_BrokenLink@3cebbb30]" started-at="2025-02-06T20:41:10 IST" name="validateBrokenLinks" finished-at="2025-02-06T20:41:42 IST" duration-ms="32714" status="PASS">
          <reporter-output>
          </reporter-output>
        </test-method> <!-- validateBrokenLinks -->
        <test-method is-config="true" signature="teardown()[pri:0, instance:testCases.TC05_BrokenLink@3cebbb30]" started-at="2025-02-06T20:41:42 IST" name="teardown" finished-at="2025-02-06T20:41:43 IST" duration-ms="446" status="PASS">
          <reporter-output>
          </reporter-output>
        </test-method> <!-- teardown -->
      </class> <!-- testCases.TC05_BrokenLink -->
      <class name="testCases.TC06_TestHoverAndClickAction">
        <test-method is-config="true" signature="setup(java.lang.String)[pri:0, instance:testCases.TC06_TestHoverAndClickAction@1e1a0406]" started-at="2025-02-06T20:41:02 IST" name="setup" finished-at="2025-02-06T20:41:05 IST" duration-ms="3839" status="PASS">
          <params>
            <param index="0">
              <value>
                <![CDATA[chrome]]>
              </value>
            </param>
          </params>
          <reporter-output>
          </reporter-output>
        </test-method> <!-- setup -->
        <test-method signature="testHoverAndClick()[pri:0, instance:testCases.TC06_TestHoverAndClickAction@1e1a0406]" started-at="2025-02-06T20:41:05 IST" name="testHoverAndClick" finished-at="2025-02-06T20:41:07 IST" duration-ms="1503" status="PASS">
          <reporter-output>
          </reporter-output>
        </test-method> <!-- testHoverAndClick -->
        <test-method is-config="true" signature="teardown()[pri:0, instance:testCases.TC06_TestHoverAndClickAction@1e1a0406]" started-at="2025-02-06T20:41:07 IST" name="teardown" finished-at="2025-02-06T20:41:07 IST" duration-ms="341" status="PASS">
          <reporter-output>
          </reporter-output>
        </test-method> <!-- teardown -->
      </class> <!-- testCases.TC06_TestHoverAndClickAction -->
      <class name="testCases.TC08_HomePageLogo">
        <test-method is-config="true" signature="setup(java.lang.String)[pri:0, instance:testCases.TC08_HomePageLogo@66f57048]" started-at="2025-02-06T20:40:49 IST" name="setup" finished-at="2025-02-06T20:40:52 IST" duration-ms="2982" status="PASS">
          <params>
            <param index="0">
              <value>
                <![CDATA[chrome]]>
              </value>
            </param>
          </params>
          <reporter-output>
          </reporter-output>
        </test-method> <!-- setup -->
        <test-method signature="Methofname()[pri:0, instance:testCases.TC08_HomePageLogo@66f57048]" started-at="2025-02-06T20:40:52 IST" name="Methofname" finished-at="2025-02-06T20:40:52 IST" duration-ms="13" status="PASS">
          <reporter-output>
          </reporter-output>
        </test-method> <!-- Methofname -->
        <test-method is-config="true" signature="teardown()[pri:0, instance:testCases.TC08_HomePageLogo@66f57048]" started-at="2025-02-06T20:40:52 IST" name="teardown" finished-at="2025-02-06T20:40:52 IST" duration-ms="339" status="PASS">
          <reporter-output>
          </reporter-output>
        </test-method> <!-- teardown -->
      </class> <!-- testCases.TC08_HomePageLogo -->
      <class name="testCases.TC02_LoginTest">
        <test-method is-config="true" signature="setup(java.lang.String)[pri:0, instance:testCases.TC02_LoginTest@67f639d3]" started-at="2025-02-06T20:42:47 IST" name="setup" finished-at="2025-02-06T20:42:52 IST" duration-ms="4251" status="PASS">
          <params>
            <param index="0">
              <value>
                <![CDATA[chrome]]>
              </value>
            </param>
          </params>
          <reporter-output>
          </reporter-output>
        </test-method> <!-- setup -->
        <test-method signature="verify_Login()[pri:0, instance:testCases.TC02_LoginTest@67f639d3]" started-at="2025-02-06T20:42:52 IST" name="verify_Login" finished-at="2025-02-06T20:42:54 IST" duration-ms="2245" status="PASS">
          <reporter-output>
          </reporter-output>
        </test-method> <!-- verify_Login -->
        <test-method is-config="true" signature="teardown()[pri:0, instance:testCases.TC02_LoginTest@67f639d3]" started-at="2025-02-06T20:42:54 IST" name="teardown" finished-at="2025-02-06T20:42:54 IST" duration-ms="326" status="PASS">
          <reporter-output>
          </reporter-output>
        </test-method> <!-- teardown -->
      </class> <!-- testCases.TC02_LoginTest -->
      <class name="testCases.TC04_LoginDDT">
        <test-method is-config="true" signature="setup(java.lang.String)[pri:0, instance:testCases.TC04_LoginDDT@12aba8be]" started-at="2025-02-06T20:41:43 IST" name="setup" finished-at="2025-02-06T20:41:47 IST" duration-ms="3808" status="PASS">
          <params>
            <param index="0">
              <value>
                <![CDATA[chrome]]>
              </value>
            </param>
          </params>
          <reporter-output>
          </reporter-output>
        </test-method> <!-- setup -->
        <test-method signature="Verify_LoginSST(java.lang.String,java.lang.String,java.lang.String)[pri:0, instance:testCases.TC04_LoginDDT@12aba8be]" started-at="2025-02-06T20:41:48 IST" name="Verify_LoginSST" data-provider="LoginData" finished-at="2025-02-06T20:41:50 IST" duration-ms="1955" status="PASS">
          <params>
            <param index="0">
              <value>
                <![CDATA[Python123@gmail.com]]>
              </value>
            </param>
            <param index="1">
              <value>
                <![CDATA[Java@123]]>
              </value>
            </param>
            <param index="2">
              <value>
                <![CDATA[Valid]]>
              </value>
            </param>
          </params>
          <reporter-output>
          </reporter-output>
        </test-method> <!-- Verify_LoginSST -->
        <test-method signature="Verify_LoginSST(java.lang.String,java.lang.String,java.lang.String)[pri:0, instance:testCases.TC04_LoginDDT@12aba8be]" started-at="2025-02-06T20:41:50 IST" name="Verify_LoginSST" data-provider="LoginData" finished-at="2025-02-06T20:42:06 IST" duration-ms="16019" status="PASS">
          <params>
            <param index="0">
              <value>
                <![CDATA[Rohit@yahoo.com]]>
              </value>
            </param>
            <param index="1">
              <value>
                <![CDATA[Laxmi]]>
              </value>
            </param>
            <param index="2">
              <value>
                <![CDATA[Invalid]]>
              </value>
            </param>
          </params>
          <reporter-output>
          </reporter-output>
        </test-method> <!-- Verify_LoginSST -->
        <test-method signature="Verify_LoginSST(java.lang.String,java.lang.String,java.lang.String)[pri:0, instance:testCases.TC04_LoginDDT@12aba8be]" started-at="2025-02-06T20:42:06 IST" name="Verify_LoginSST" data-provider="LoginData" finished-at="2025-02-06T20:42:22 IST" duration-ms="16334" status="PASS">
          <params>
            <param index="0">
              <value>
                <![CDATA[Rahul@yahoo.com]]>
              </value>
            </param>
            <param index="1">
              <value>
                <![CDATA[Lakshmi]]>
              </value>
            </param>
            <param index="2">
              <value>
                <![CDATA[Invalid]]>
              </value>
            </param>
          </params>
          <reporter-output>
          </reporter-output>
        </test-method> <!-- Verify_LoginSST -->
        <test-method signature="Verify_LoginSST(java.lang.String,java.lang.String,java.lang.String)[pri:0, instance:testCases.TC04_LoginDDT@12aba8be]" started-at="2025-02-06T20:42:22 IST" name="Verify_LoginSST" data-provider="LoginData" finished-at="2025-02-06T20:42:39 IST" duration-ms="16887" status="PASS">
          <params>
            <param index="0">
              <value>
                <![CDATA[laks@yahoo.com]]>
              </value>
            </param>
            <param index="1">
              <value>
                <![CDATA[xyz]]>
              </value>
            </param>
            <param index="2">
              <value>
                <![CDATA[Invalid]]>
              </value>
            </param>
          </params>
          <reporter-output>
          </reporter-output>
        </test-method> <!-- Verify_LoginSST -->
        <test-method signature="Verify_LoginSST(java.lang.String,java.lang.String,java.lang.String)[pri:0, instance:testCases.TC04_LoginDDT@12aba8be]" started-at="2025-02-06T20:42:39 IST" name="Verify_LoginSST" data-provider="LoginData" finished-at="2025-02-06T20:42:41 IST" duration-ms="1905" status="PASS">
          <params>
            <param index="0">
              <value>
                <![CDATA[abc123@gmail.com]]>
              </value>
            </param>
            <param index="1">
              <value>
                <![CDATA[test@123]]>
              </value>
            </param>
            <param index="2">
              <value>
                <![CDATA[Valid]]>
              </value>
            </param>
          </params>
          <reporter-output>
          </reporter-output>
        </test-method> <!-- Verify_LoginSST -->
        <test-method is-config="true" signature="teardown()[pri:0, instance:testCases.TC04_LoginDDT@12aba8be]" started-at="2025-02-06T20:42:41 IST" name="teardown" finished-at="2025-02-06T20:42:41 IST" duration-ms="347" status="PASS">
          <reporter-output>
          </reporter-output>
        </test-method> <!-- teardown -->
      </class> <!-- testCases.TC04_LoginDDT -->
    </test> <!-- Test -->
  </suite> <!-- Suite -->
</testng-results>
