<?xml version="1.0" encoding="UTF-8"?>
<testng-results ignored="0" total="1" passed="1" failed="0" skipped="0">
  <reporter-output>
  </reporter-output>
  <suite started-at="2025-02-06T21:21:18 IST" name="Suite" finished-at="2025-02-06T21:21:28 IST" duration-ms="9605">
    <groups>
    </groups>
    <test started-at="2025-02-06T21:21:18 IST" name="Test" finished-at="2025-02-06T21:21:28 IST" duration-ms="9605">
      <class name="testCases.TC07_AddToCartTest">
        <test-method is-config="true" signature="setup(java.lang.String)[pri:0, instance:testCases.TC07_AddToCartTest@316bcf94]" started-at="2025-02-06T21:21:18 IST" name="setup" finished-at="2025-02-06T21:21:21 IST" duration-ms="2574" status="PASS">
          <params>
            <param index="0">
              <value>
                <![CDATA[chrome]]>
              </value>
            </param>
          </params>
          <reporter-output>
          </reporter-output>
        </test-method> <!-- setup -->
        <test-method signature="testCartItemDetails()[pri:0, instance:testCases.TC07_AddToCartTest@316bcf94]" started-at="2025-02-06T21:21:21 IST" name="testCartItemDetails" finished-at="2025-02-06T21:21:27 IST" duration-ms="6685" status="PASS">
          <reporter-output>
          </reporter-output>
        </test-method> <!-- testCartItemDetails -->
        <test-method is-config="true" signature="teardown()[pri:0, instance:testCases.TC07_AddToCartTest@316bcf94]" started-at="2025-02-06T21:21:27 IST" name="teardown" finished-at="2025-02-06T21:21:28 IST" duration-ms="302" status="PASS">
          <reporter-output>
          </reporter-output>
        </test-method> <!-- teardown -->
      </class> <!-- testCases.TC07_AddToCartTest -->
    </test> <!-- Test -->
  </suite> <!-- Suite -->
</testng-results>
